Downloading https://services.gradle.org/distributions/gradle-8.13-all.zip
......................10%......................20%......................30%......................40%......................50%......................60%......................70%.......................80%......................90%......................100%

Welcome to Gradle 8.13!

Here are the highlights of this release:
 - Daemon JVM auto-provisioning
 - Enhancements for Scala plugin and JUnit testing
 - Improvements for build authors and plugin developers

For more details see https://docs.gradle.org/8.13/release-notes.html

Starting a Gradle Daemon (subsequent builds will be faster)
|tak-artifactory| Running gradle init script...
|tak-artifactory| settingsEvaluated
|tak-artifactory|settingsEvaluated| settings.pluginManagement.repositories
  -> takArtifactoryVirtual: https://artifacts.tak.gov/artifactory/maven-release
|tak-artifactory|settingsEvaluated| settings.dependencyResolutionManagement.repositories
  -> takArtifactoryVirtual: https://artifacts.tak.gov/artifactory/maven-release
|tak-artifactory|MultiPix|  gradle.projectsLoaded.buildscript.repositories
  -> takArtifactoryVirtual: https://artifacts.tak.gov/artifactory/maven-release
|tak-artifactory|app|  gradle.projectsLoaded.buildscript.repositories
  -> takArtifactoryVirtual: https://artifacts.tak.gov/artifactory/maven-release

> Configure project :
|tak-artifactory|MultiPix| gradle.beforeProject.repositories
  -> takArtifactoryVirtual: https://artifacts.tak.gov/artifactory/maven-release
|tak-artifactory|MultiPix| gradle.beforeProject.buildscript.repositories
  -> takArtifactoryVirtual: https://artifacts.tak.gov/artifactory/maven-release
|tak-artifactory|MultiPix| gradle.afterscript.repositories
  -> takArtifactoryVirtual: https://artifacts.tak.gov/artifactory/maven-release
  -> Google: https://dl.google.com/dl/android/maven2/
  -> MavenRepo: https://repo.maven.apache.org/maven2/
|tak-artifactory|MultiPix| gradle.afterProject.buildscript.repositories
  -> takArtifactoryVirtual: https://artifacts.tak.gov/artifactory/maven-release
  -> Google: https://dl.google.com/dl/android/maven2/
  -> MavenRepo: https://repo.maven.apache.org/maven2/

> Configure project :app
|tak-artifactory|app| gradle.beforeProject.repositories
  -> takArtifactoryVirtual: https://artifacts.tak.gov/artifactory/maven-release
  -> Google: https://dl.google.com/dl/android/maven2/
  -> MavenRepo: https://repo.maven.apache.org/maven2/
|tak-artifactory|app| gradle.beforeProject.buildscript.repositories
  -> takArtifactoryVirtual: https://artifacts.tak.gov/artifactory/maven-release
isDevKitEnabled => true
takrepo URL option => https://artifacts.tak.gov/artifactory/maven-release
takrepo user option => tpccommercialpluginsvc.ephemeral
mavenOnly option => true
snapshot option => false
devkitVersion option => 5.5.0
sdkPath option => /app/plugin-src/MultiPix/sdk
production option => true
takStaticVersion option => -1
noapp option => true
connected test enable => false
connected test version => 5.5.0
connected test path => /app/plugin-src/MultiPix/espresso
plugin id => null
Using Core Mapping Rules true for version 5.5.0
fatal: not a git repository (or any of the parent directories): .git
versionName[git]: 
fatal: not a git repository (or any of the parent directories): .git
error occured, using revision of 1
fatal: not a git repository (or any of the parent directories): .git
versionName[git]: 
|tak-artifactory|app| gradle.afterscript.repositories
  -> MavenLocal: file:/home/gradle/.m2/repository
  -> takArtifactoryVirtual: https://artifacts.tak.gov/artifactory/maven-release
  -> Google: https://dl.google.com/dl/android/maven2/
  -> MavenRepo: https://repo.maven.apache.org/maven2/
  -> MavenRepo2: https://repo.maven.apache.org/maven2/
  -> Google2: https://dl.google.com/dl/android/maven2/
  -> MavenRepo3: https://repo.maven.apache.org/maven2/
  -> maven: https://jitpack.io
  -> flatDir: [/app/plugin-src/MultiPix/.takdev/aars]
  -> takrepo: https://artifacts.tak.gov/artifactory/maven-release
|tak-artifactory|app| gradle.afterProject.buildscript.repositories
  -> MavenLocal: file:/home/gradle/.m2/repository
  -> takArtifactoryVirtual: https://artifacts.tak.gov/artifactory/maven-release
  -> Google: https://dl.google.com/dl/android/maven2/
  -> MavenRepo: https://repo.maven.apache.org/maven2/
  -> maven: https://jitpack.io
  -> maven2: https://artifacts.tak.gov/artifactory/maven-release
WARNING: Using flatDir should be avoided because it doesn't support any meta-data formats.
civDebug => Using repository API, [group:com.atakmap.app.civ.common, name:api, version:(5.5.0-SNAPSHOT, 5.5.1-SNAPSHOT)]
civDebug => Using repository Javadoc, [group:com.atakmap.app.civ.common, name:javadoc, version:(5.5.0-SNAPSHOT, 5.5.1-SNAPSHOT)]
civDebug => Using repository mapping, [group:com.atakmap.app.civ.sdk, name:mapping, version:(5.5.0-SNAPSHOT, 5.5.1-SNAPSHOT)]
civDebug => Using repository coreRules, [group:com.atakmap.app.civ.sdk, name:coreRules, version:(5.5.0-SNAPSHOT, 5.5.1-SNAPSHOT)]
civDebug => Using repository keystore, [group:com.atakmap.app.civ.sdk, name:keystore, version:(5.5.0-SNAPSHOT, 5.5.1-SNAPSHOT)]
milDebug => Using repository API, [group:com.atakmap.app.mil.common, name:api, version:(5.5.0-SNAPSHOT, 5.5.1-SNAPSHOT)]
milDebug => Using repository Javadoc, [group:com.atakmap.app.mil.common, name:javadoc, version:(5.5.0-SNAPSHOT, 5.5.1-SNAPSHOT)]
Warning: Failed to resolve remote javadoc for milDebug.
Warning: Failed to resolve remote for milDebug. Trying fallback.
milDebug => Using repository API, [group:com.atakmap.app.civ.common, name:api, version:(5.5.0-SNAPSHOT, 5.5.1-SNAPSHOT)]
milDebug => Using repository Javadoc, [group:com.atakmap.app.civ.common, name:javadoc, version:(5.5.0-SNAPSHOT, 5.5.1-SNAPSHOT)]
milDebug => Using repository mapping, [group:com.atakmap.app.civ.sdk, name:mapping, version:(5.5.0-SNAPSHOT, 5.5.1-SNAPSHOT)]
milDebug => Using repository coreRules, [group:com.atakmap.app.civ.sdk, name:coreRules, version:(5.5.0-SNAPSHOT, 5.5.1-SNAPSHOT)]
milDebug => Using repository keystore, [group:com.atakmap.app.civ.sdk, name:keystore, version:(5.5.0-SNAPSHOT, 5.5.1-SNAPSHOT)]
ausDebug => Using repository API, [group:com.atakmap.app.aus.common, name:api, version:(5.5.0-SNAPSHOT, 5.5.1-SNAPSHOT)]
ausDebug => Using repository Javadoc, [group:com.atakmap.app.aus.common, name:javadoc, version:(5.5.0-SNAPSHOT, 5.5.1-SNAPSHOT)]
Warning: Failed to resolve remote javadoc for ausDebug.
Warning: Failed to resolve remote for ausDebug. Trying fallback.
ausDebug => Using repository API, [group:com.atakmap.app.civ.common, name:api, version:(5.5.0-SNAPSHOT, 5.5.1-SNAPSHOT)]
ausDebug => Using repository Javadoc, [group:com.atakmap.app.civ.common, name:javadoc, version:(5.5.0-SNAPSHOT, 5.5.1-SNAPSHOT)]
ausDebug => Using repository mapping, [group:com.atakmap.app.civ.sdk, name:mapping, version:(5.5.0-SNAPSHOT, 5.5.1-SNAPSHOT)]
ausDebug => Using repository coreRules, [group:com.atakmap.app.civ.sdk, name:coreRules, version:(5.5.0-SNAPSHOT, 5.5.1-SNAPSHOT)]
ausDebug => Using repository keystore, [group:com.atakmap.app.civ.sdk, name:keystore, version:(5.5.0-SNAPSHOT, 5.5.1-SNAPSHOT)]
nzlDebug => Using repository API, [group:com.atakmap.app.nzl.common, name:api, version:(5.5.0-SNAPSHOT, 5.5.1-SNAPSHOT)]
nzlDebug => Using repository Javadoc, [group:com.atakmap.app.nzl.common, name:javadoc, version:(5.5.0-SNAPSHOT, 5.5.1-SNAPSHOT)]
Warning: Failed to resolve remote javadoc for nzlDebug.
Warning: Failed to resolve remote for nzlDebug. Trying fallback.
nzlDebug => Using repository API, [group:com.atakmap.app.civ.common, name:api, version:(5.5.0-SNAPSHOT, 5.5.1-SNAPSHOT)]
nzlDebug => Using repository Javadoc, [group:com.atakmap.app.civ.common, name:javadoc, version:(5.5.0-SNAPSHOT, 5.5.1-SNAPSHOT)]
nzlDebug => Using repository mapping, [group:com.atakmap.app.civ.sdk, name:mapping, version:(5.5.0-SNAPSHOT, 5.5.1-SNAPSHOT)]
nzlDebug => Using repository coreRules, [group:com.atakmap.app.civ.sdk, name:coreRules, version:(5.5.0-SNAPSHOT, 5.5.1-SNAPSHOT)]
nzlDebug => Using repository keystore, [group:com.atakmap.app.civ.sdk, name:keystore, version:(5.5.0-SNAPSHOT, 5.5.1-SNAPSHOT)]
prtDebug => Using repository API, [group:com.atakmap.app.prt.common, name:api, version:(5.5.0-SNAPSHOT, 5.5.1-SNAPSHOT)]
prtDebug => Using repository Javadoc, [group:com.atakmap.app.prt.common, name:javadoc, version:(5.5.0-SNAPSHOT, 5.5.1-SNAPSHOT)]
Warning: Failed to resolve remote javadoc for prtDebug.
Warning: Failed to resolve remote for prtDebug. Trying fallback.
prtDebug => Using repository API, [group:com.atakmap.app.civ.common, name:api, version:(5.5.0-SNAPSHOT, 5.5.1-SNAPSHOT)]
prtDebug => Using repository Javadoc, [group:com.atakmap.app.civ.common, name:javadoc, version:(5.5.0-SNAPSHOT, 5.5.1-SNAPSHOT)]
prtDebug => Using repository mapping, [group:com.atakmap.app.civ.sdk, name:mapping, version:(5.5.0-SNAPSHOT, 5.5.1-SNAPSHOT)]
prtDebug => Using repository coreRules, [group:com.atakmap.app.civ.sdk, name:coreRules, version:(5.5.0-SNAPSHOT, 5.5.1-SNAPSHOT)]
prtDebug => Using repository keystore, [group:com.atakmap.app.civ.sdk, name:keystore, version:(5.5.0-SNAPSHOT, 5.5.1-SNAPSHOT)]
norDebug => Using repository API, [group:com.atakmap.app.nor.common, name:api, version:(5.5.0-SNAPSHOT, 5.5.1-SNAPSHOT)]
norDebug => Using repository Javadoc, [group:com.atakmap.app.nor.common, name:javadoc, version:(5.5.0-SNAPSHOT, 5.5.1-SNAPSHOT)]
Warning: Failed to resolve remote javadoc for norDebug.
Warning: Failed to resolve remote for norDebug. Trying fallback.
norDebug => Using repository API, [group:com.atakmap.app.civ.common, name:api, version:(5.5.0-SNAPSHOT, 5.5.1-SNAPSHOT)]
norDebug => Using repository Javadoc, [group:com.atakmap.app.civ.common, name:javadoc, version:(5.5.0-SNAPSHOT, 5.5.1-SNAPSHOT)]
norDebug => Using repository mapping, [group:com.atakmap.app.civ.sdk, name:mapping, version:(5.5.0-SNAPSHOT, 5.5.1-SNAPSHOT)]
norDebug => Using repository coreRules, [group:com.atakmap.app.civ.sdk, name:coreRules, version:(5.5.0-SNAPSHOT, 5.5.1-SNAPSHOT)]
norDebug => Using repository keystore, [group:com.atakmap.app.civ.sdk, name:keystore, version:(5.5.0-SNAPSHOT, 5.5.1-SNAPSHOT)]
sweDebug => Using repository API, [group:com.atakmap.app.swe.common, name:api, version:(5.5.0-SNAPSHOT, 5.5.1-SNAPSHOT)]
sweDebug => Using repository Javadoc, [group:com.atakmap.app.swe.common, name:javadoc, version:(5.5.0-SNAPSHOT, 5.5.1-SNAPSHOT)]
Warning: Failed to resolve remote javadoc for sweDebug.
Warning: Failed to resolve remote for sweDebug. Trying fallback.
sweDebug => Using repository API, [group:com.atakmap.app.civ.common, name:api, version:(5.5.0-SNAPSHOT, 5.5.1-SNAPSHOT)]
sweDebug => Using repository Javadoc, [group:com.atakmap.app.civ.common, name:javadoc, version:(5.5.0-SNAPSHOT, 5.5.1-SNAPSHOT)]
sweDebug => Using repository mapping, [group:com.atakmap.app.civ.sdk, name:mapping, version:(5.5.0-SNAPSHOT, 5.5.1-SNAPSHOT)]
sweDebug => Using repository coreRules, [group:com.atakmap.app.civ.sdk, name:coreRules, version:(5.5.0-SNAPSHOT, 5.5.1-SNAPSHOT)]
sweDebug => Using repository keystore, [group:com.atakmap.app.civ.sdk, name:keystore, version:(5.5.0-SNAPSHOT, 5.5.1-SNAPSHOT)]
gbrDebug => Using repository API, [group:com.atakmap.app.gbr.common, name:api, version:(5.5.0-SNAPSHOT, 5.5.1-SNAPSHOT)]
gbrDebug => Using repository Javadoc, [group:com.atakmap.app.gbr.common, name:javadoc, version:(5.5.0-SNAPSHOT, 5.5.1-SNAPSHOT)]
Warning: Failed to resolve remote javadoc for gbrDebug.
Warning: Failed to resolve remote for gbrDebug. Trying fallback.
gbrDebug => Using repository API, [group:com.atakmap.app.civ.common, name:api, version:(5.5.0-SNAPSHOT, 5.5.1-SNAPSHOT)]
gbrDebug => Using repository Javadoc, [group:com.atakmap.app.civ.common, name:javadoc, version:(5.5.0-SNAPSHOT, 5.5.1-SNAPSHOT)]
gbrDebug => Using repository mapping, [group:com.atakmap.app.civ.sdk, name:mapping, version:(5.5.0-SNAPSHOT, 5.5.1-SNAPSHOT)]
gbrDebug => Using repository coreRules, [group:com.atakmap.app.civ.sdk, name:coreRules, version:(5.5.0-SNAPSHOT, 5.5.1-SNAPSHOT)]
gbrDebug => Using repository keystore, [group:com.atakmap.app.civ.sdk, name:keystore, version:(5.5.0-SNAPSHOT, 5.5.1-SNAPSHOT)]
canDebug => Using repository API, [group:com.atakmap.app.can.common, name:api, version:(5.5.0-SNAPSHOT, 5.5.1-SNAPSHOT)]
canDebug => Using repository Javadoc, [group:com.atakmap.app.can.common, name:javadoc, version:(5.5.0-SNAPSHOT, 5.5.1-SNAPSHOT)]
Warning: Failed to resolve remote javadoc for canDebug.
Warning: Failed to resolve remote for canDebug. Trying fallback.
canDebug => Using repository API, [group:com.atakmap.app.civ.common, name:api, version:(5.5.0-SNAPSHOT, 5.5.1-SNAPSHOT)]
canDebug => Using repository Javadoc, [group:com.atakmap.app.civ.common, name:javadoc, version:(5.5.0-SNAPSHOT, 5.5.1-SNAPSHOT)]
canDebug => Using repository mapping, [group:com.atakmap.app.civ.sdk, name:mapping, version:(5.5.0-SNAPSHOT, 5.5.1-SNAPSHOT)]
canDebug => Using repository coreRules, [group:com.atakmap.app.civ.sdk, name:coreRules, version:(5.5.0-SNAPSHOT, 5.5.1-SNAPSHOT)]
canDebug => Using repository keystore, [group:com.atakmap.app.civ.sdk, name:keystore, version:(5.5.0-SNAPSHOT, 5.5.1-SNAPSHOT)]
hunDebug => Using repository API, [group:com.atakmap.app.hun.common, name:api, version:(5.5.0-SNAPSHOT, 5.5.1-SNAPSHOT)]
hunDebug => Using repository Javadoc, [group:com.atakmap.app.hun.common, name:javadoc, version:(5.5.0-SNAPSHOT, 5.5.1-SNAPSHOT)]
Warning: Failed to resolve remote javadoc for hunDebug.
Warning: Failed to resolve remote for hunDebug. Trying fallback.
hunDebug => Using repository API, [group:com.atakmap.app.civ.common, name:api, version:(5.5.0-SNAPSHOT, 5.5.1-SNAPSHOT)]
hunDebug => Using repository Javadoc, [group:com.atakmap.app.civ.common, name:javadoc, version:(5.5.0-SNAPSHOT, 5.5.1-SNAPSHOT)]
hunDebug => Using repository mapping, [group:com.atakmap.app.civ.sdk, name:mapping, version:(5.5.0-SNAPSHOT, 5.5.1-SNAPSHOT)]
hunDebug => Using repository coreRules, [group:com.atakmap.app.civ.sdk, name:coreRules, version:(5.5.0-SNAPSHOT, 5.5.1-SNAPSHOT)]
hunDebug => Using repository keystore, [group:com.atakmap.app.civ.sdk, name:keystore, version:(5.5.0-SNAPSHOT, 5.5.1-SNAPSHOT)]
belDebug => Using repository API, [group:com.atakmap.app.bel.common, name:api, version:(5.5.0-SNAPSHOT, 5.5.1-SNAPSHOT)]
belDebug => Using repository Javadoc, [group:com.atakmap.app.bel.common, name:javadoc, version:(5.5.0-SNAPSHOT, 5.5.1-SNAPSHOT)]
Warning: Failed to resolve remote javadoc for belDebug.
Warning: Failed to resolve remote for belDebug. Trying fallback.
belDebug => Using repository API, [group:com.atakmap.app.civ.common, name:api, version:(5.5.0-SNAPSHOT, 5.5.1-SNAPSHOT)]
belDebug => Using repository Javadoc, [group:com.atakmap.app.civ.common, name:javadoc, version:(5.5.0-SNAPSHOT, 5.5.1-SNAPSHOT)]
belDebug => Using repository mapping, [group:com.atakmap.app.civ.sdk, name:mapping, version:(5.5.0-SNAPSHOT, 5.5.1-SNAPSHOT)]
belDebug => Using repository coreRules, [group:com.atakmap.app.civ.sdk, name:coreRules, version:(5.5.0-SNAPSHOT, 5.5.1-SNAPSHOT)]
belDebug => Using repository keystore, [group:com.atakmap.app.civ.sdk, name:keystore, version:(5.5.0-SNAPSHOT, 5.5.1-SNAPSHOT)]
estDebug => Using repository API, [group:com.atakmap.app.est.common, name:api, version:(5.5.0-SNAPSHOT, 5.5.1-SNAPSHOT)]
estDebug => Using repository Javadoc, [group:com.atakmap.app.est.common, name:javadoc, version:(5.5.0-SNAPSHOT, 5.5.1-SNAPSHOT)]
Warning: Failed to resolve remote javadoc for estDebug.
Warning: Failed to resolve remote for estDebug. Trying fallback.
estDebug => Using repository API, [group:com.atakmap.app.civ.common, name:api, version:(5.5.0-SNAPSHOT, 5.5.1-SNAPSHOT)]
estDebug => Using repository Javadoc, [group:com.atakmap.app.civ.common, name:javadoc, version:(5.5.0-SNAPSHOT, 5.5.1-SNAPSHOT)]
estDebug => Using repository mapping, [group:com.atakmap.app.civ.sdk, name:mapping, version:(5.5.0-SNAPSHOT, 5.5.1-SNAPSHOT)]
estDebug => Using repository coreRules, [group:com.atakmap.app.civ.sdk, name:coreRules, version:(5.5.0-SNAPSHOT, 5.5.1-SNAPSHOT)]
estDebug => Using repository keystore, [group:com.atakmap.app.civ.sdk, name:keystore, version:(5.5.0-SNAPSHOT, 5.5.1-SNAPSHOT)]
ltuDebug => Using repository API, [group:com.atakmap.app.ltu.common, name:api, version:(5.5.0-SNAPSHOT, 5.5.1-SNAPSHOT)]
ltuDebug => Using repository Javadoc, [group:com.atakmap.app.ltu.common, name:javadoc, version:(5.5.0-SNAPSHOT, 5.5.1-SNAPSHOT)]
Warning: Failed to resolve remote javadoc for ltuDebug.
Warning: Failed to resolve remote for ltuDebug. Trying fallback.
ltuDebug => Using repository API, [group:com.atakmap.app.civ.common, name:api, version:(5.5.0-SNAPSHOT, 5.5.1-SNAPSHOT)]
ltuDebug => Using repository Javadoc, [group:com.atakmap.app.civ.common, name:javadoc, version:(5.5.0-SNAPSHOT, 5.5.1-SNAPSHOT)]
ltuDebug => Using repository mapping, [group:com.atakmap.app.civ.sdk, name:mapping, version:(5.5.0-SNAPSHOT, 5.5.1-SNAPSHOT)]
ltuDebug => Using repository coreRules, [group:com.atakmap.app.civ.sdk, name:coreRules, version:(5.5.0-SNAPSHOT, 5.5.1-SNAPSHOT)]
ltuDebug => Using repository keystore, [group:com.atakmap.app.civ.sdk, name:keystore, version:(5.5.0-SNAPSHOT, 5.5.1-SNAPSHOT)]
ukrDebug => Using repository API, [group:com.atakmap.app.ukr.common, name:api, version:(5.5.0-SNAPSHOT, 5.5.1-SNAPSHOT)]
ukrDebug => Using repository Javadoc, [group:com.atakmap.app.ukr.common, name:javadoc, version:(5.5.0-SNAPSHOT, 5.5.1-SNAPSHOT)]
Warning: Failed to resolve remote javadoc for ukrDebug.
Warning: Failed to resolve remote for ukrDebug. Trying fallback.
ukrDebug => Using repository API, [group:com.atakmap.app.civ.common, name:api, version:(5.5.0-SNAPSHOT, 5.5.1-SNAPSHOT)]
ukrDebug => Using repository Javadoc, [group:com.atakmap.app.civ.common, name:javadoc, version:(5.5.0-SNAPSHOT, 5.5.1-SNAPSHOT)]
ukrDebug => Using repository mapping, [group:com.atakmap.app.civ.sdk, name:mapping, version:(5.5.0-SNAPSHOT, 5.5.1-SNAPSHOT)]
ukrDebug => Using repository coreRules, [group:com.atakmap.app.civ.sdk, name:coreRules, version:(5.5.0-SNAPSHOT, 5.5.1-SNAPSHOT)]
ukrDebug => Using repository keystore, [group:com.atakmap.app.civ.sdk, name:keystore, version:(5.5.0-SNAPSHOT, 5.5.1-SNAPSHOT)]
polDebug => Using repository API, [group:com.atakmap.app.pol.common, name:api, version:(5.5.0-SNAPSHOT, 5.5.1-SNAPSHOT)]
polDebug => Using repository Javadoc, [group:com.atakmap.app.pol.common, name:javadoc, version:(5.5.0-SNAPSHOT, 5.5.1-SNAPSHOT)]
Warning: Failed to resolve remote javadoc for polDebug.
Warning: Failed to resolve remote for polDebug. Trying fallback.
polDebug => Using repository API, [group:com.atakmap.app.civ.common, name:api, version:(5.5.0-SNAPSHOT, 5.5.1-SNAPSHOT)]
polDebug => Using repository Javadoc, [group:com.atakmap.app.civ.common, name:javadoc, version:(5.5.0-SNAPSHOT, 5.5.1-SNAPSHOT)]
polDebug => Using repository mapping, [group:com.atakmap.app.civ.sdk, name:mapping, version:(5.5.0-SNAPSHOT, 5.5.1-SNAPSHOT)]
polDebug => Using repository coreRules, [group:com.atakmap.app.civ.sdk, name:coreRules, version:(5.5.0-SNAPSHOT, 5.5.1-SNAPSHOT)]
polDebug => Using repository keystore, [group:com.atakmap.app.civ.sdk, name:keystore, version:(5.5.0-SNAPSHOT, 5.5.1-SNAPSHOT)]
nldDebug => Using repository API, [group:com.atakmap.app.nld.common, name:api, version:(5.5.0-SNAPSHOT, 5.5.1-SNAPSHOT)]
nldDebug => Using repository Javadoc, [group:com.atakmap.app.nld.common, name:javadoc, version:(5.5.0-SNAPSHOT, 5.5.1-SNAPSHOT)]
Warning: Failed to resolve remote javadoc for nldDebug.
Warning: Failed to resolve remote for nldDebug. Trying fallback.
nldDebug => Using repository API, [group:com.atakmap.app.civ.common, name:api, version:(5.5.0-SNAPSHOT, 5.5.1-SNAPSHOT)]
nldDebug => Using repository Javadoc, [group:com.atakmap.app.civ.common, name:javadoc, version:(5.5.0-SNAPSHOT, 5.5.1-SNAPSHOT)]
nldDebug => Using repository mapping, [group:com.atakmap.app.civ.sdk, name:mapping, version:(5.5.0-SNAPSHOT, 5.5.1-SNAPSHOT)]
nldDebug => Using repository coreRules, [group:com.atakmap.app.civ.sdk, name:coreRules, version:(5.5.0-SNAPSHOT, 5.5.1-SNAPSHOT)]
nldDebug => Using repository keystore, [group:com.atakmap.app.civ.sdk, name:keystore, version:(5.5.0-SNAPSHOT, 5.5.1-SNAPSHOT)]
espDebug => Using repository API, [group:com.atakmap.app.esp.common, name:api, version:(5.5.0-SNAPSHOT, 5.5.1-SNAPSHOT)]
espDebug => Using repository Javadoc, [group:com.atakmap.app.esp.common, name:javadoc, version:(5.5.0-SNAPSHOT, 5.5.1-SNAPSHOT)]
Warning: Failed to resolve remote javadoc for espDebug.
Warning: Failed to resolve remote for espDebug. Trying fallback.
espDebug => Using repository API, [group:com.atakmap.app.civ.common, name:api, version:(5.5.0-SNAPSHOT, 5.5.1-SNAPSHOT)]
espDebug => Using repository Javadoc, [group:com.atakmap.app.civ.common, name:javadoc, version:(5.5.0-SNAPSHOT, 5.5.1-SNAPSHOT)]
espDebug => Using repository mapping, [group:com.atakmap.app.civ.sdk, name:mapping, version:(5.5.0-SNAPSHOT, 5.5.1-SNAPSHOT)]
espDebug => Using repository coreRules, [group:com.atakmap.app.civ.sdk, name:coreRules, version:(5.5.0-SNAPSHOT, 5.5.1-SNAPSHOT)]
espDebug => Using repository keystore, [group:com.atakmap.app.civ.sdk, name:keystore, version:(5.5.0-SNAPSHOT, 5.5.1-SNAPSHOT)]
aeronetDebug => Using repository API, [group:com.atakmap.app.aeronet.common, name:api, version:(5.5.0-SNAPSHOT, 5.5.1-SNAPSHOT)]
aeronetDebug => Using repository Javadoc, [group:com.atakmap.app.aeronet.common, name:javadoc, version:(5.5.0-SNAPSHOT, 5.5.1-SNAPSHOT)]
Warning: Failed to resolve remote javadoc for aeronetDebug.
Warning: Failed to resolve remote for aeronetDebug. Trying fallback.
aeronetDebug => Using repository API, [group:com.atakmap.app.civ.common, name:api, version:(5.5.0-SNAPSHOT, 5.5.1-SNAPSHOT)]
aeronetDebug => Using repository Javadoc, [group:com.atakmap.app.civ.common, name:javadoc, version:(5.5.0-SNAPSHOT, 5.5.1-SNAPSHOT)]
aeronetDebug => Using repository mapping, [group:com.atakmap.app.civ.sdk, name:mapping, version:(5.5.0-SNAPSHOT, 5.5.1-SNAPSHOT)]
aeronetDebug => Using repository coreRules, [group:com.atakmap.app.civ.sdk, name:coreRules, version:(5.5.0-SNAPSHOT, 5.5.1-SNAPSHOT)]
aeronetDebug => Using repository keystore, [group:com.atakmap.app.civ.sdk, name:keystore, version:(5.5.0-SNAPSHOT, 5.5.1-SNAPSHOT)]
govDebug => Using repository API, [group:com.atakmap.app.gov.common, name:api, version:(5.5.0-SNAPSHOT, 5.5.1-SNAPSHOT)]
govDebug => Using repository Javadoc, [group:com.atakmap.app.gov.common, name:javadoc, version:(5.5.0-SNAPSHOT, 5.5.1-SNAPSHOT)]
Warning: Failed to resolve remote javadoc for govDebug.
Warning: Failed to resolve remote for govDebug. Trying fallback.
govDebug => Using repository API, [group:com.atakmap.app.civ.common, name:api, version:(5.5.0-SNAPSHOT, 5.5.1-SNAPSHOT)]
govDebug => Using repository Javadoc, [group:com.atakmap.app.civ.common, name:javadoc, version:(5.5.0-SNAPSHOT, 5.5.1-SNAPSHOT)]
govDebug => Using repository mapping, [group:com.atakmap.app.civ.sdk, name:mapping, version:(5.5.0-SNAPSHOT, 5.5.1-SNAPSHOT)]
govDebug => Using repository coreRules, [group:com.atakmap.app.civ.sdk, name:coreRules, version:(5.5.0-SNAPSHOT, 5.5.1-SNAPSHOT)]
govDebug => Using repository keystore, [group:com.atakmap.app.civ.sdk, name:keystore, version:(5.5.0-SNAPSHOT, 5.5.1-SNAPSHOT)]
natosofDebug => Using repository API, [group:com.atakmap.app.natosof.common, name:api, version:(5.5.0-SNAPSHOT, 5.5.1-SNAPSHOT)]
natosofDebug => Using repository Javadoc, [group:com.atakmap.app.natosof.common, name:javadoc, version:(5.5.0-SNAPSHOT, 5.5.1-SNAPSHOT)]
Warning: Failed to resolve remote javadoc for natosofDebug.
Warning: Failed to resolve remote for natosofDebug. Trying fallback.
natosofDebug => Using repository API, [group:com.atakmap.app.civ.common, name:api, version:(5.5.0-SNAPSHOT, 5.5.1-SNAPSHOT)]
natosofDebug => Using repository Javadoc, [group:com.atakmap.app.civ.common, name:javadoc, version:(5.5.0-SNAPSHOT, 5.5.1-SNAPSHOT)]
natosofDebug => Using repository mapping, [group:com.atakmap.app.civ.sdk, name:mapping, version:(5.5.0-SNAPSHOT, 5.5.1-SNAPSHOT)]
natosofDebug => Using repository coreRules, [group:com.atakmap.app.civ.sdk, name:coreRules, version:(5.5.0-SNAPSHOT, 5.5.1-SNAPSHOT)]
natosofDebug => Using repository keystore, [group:com.atakmap.app.civ.sdk, name:keystore, version:(5.5.0-SNAPSHOT, 5.5.1-SNAPSHOT)]
civRelease => Using repository API, [group:com.atakmap.app.civ.common, name:api, version:(5.5.0-SNAPSHOT, 5.5.1-SNAPSHOT)]
civRelease => Using repository Javadoc, [group:com.atakmap.app.civ.common, name:javadoc, version:(5.5.0-SNAPSHOT, 5.5.1-SNAPSHOT)]
civRelease => Using repository mapping, [group:com.atakmap.app.civ.release, name:mapping, version:(5.5.0-SNAPSHOT, 5.5.1-SNAPSHOT)]
civRelease => Using repository coreRules, [group:com.atakmap.app.civ.release, name:coreRules, version:(5.5.0-SNAPSHOT, 5.5.1-SNAPSHOT)]
civRelease => Using repository keystore, [group:com.atakmap.app.civ.release, name:keystore, version:(5.5.0-SNAPSHOT, 5.5.1-SNAPSHOT)]
Unknown Task, skippiing validateSigningCivReleaseAndroidTest.
milRelease => Using repository API, [group:com.atakmap.app.mil.common, name:api, version:(5.5.0-SNAPSHOT, 5.5.1-SNAPSHOT)]
milRelease => Using repository Javadoc, [group:com.atakmap.app.mil.common, name:javadoc, version:(5.5.0-SNAPSHOT, 5.5.1-SNAPSHOT)]
Warning: Failed to resolve remote javadoc for milRelease.
Warning: Failed to resolve remote for milRelease. Trying fallback.
milRelease => Using repository API, [group:com.atakmap.app.civ.common, name:api, version:(5.5.0-SNAPSHOT, 5.5.1-SNAPSHOT)]
milRelease => Using repository Javadoc, [group:com.atakmap.app.civ.common, name:javadoc, version:(5.5.0-SNAPSHOT, 5.5.1-SNAPSHOT)]
milRelease => Using repository mapping, [group:com.atakmap.app.civ.release, name:mapping, version:(5.5.0-SNAPSHOT, 5.5.1-SNAPSHOT)]
milRelease => Using repository coreRules, [group:com.atakmap.app.civ.release, name:coreRules, version:(5.5.0-SNAPSHOT, 5.5.1-SNAPSHOT)]
milRelease => Using repository keystore, [group:com.atakmap.app.civ.release, name:keystore, version:(5.5.0-SNAPSHOT, 5.5.1-SNAPSHOT)]
Unknown Task, skippiing validateSigningMilReleaseAndroidTest.
ausRelease => Using repository API, [group:com.atakmap.app.aus.common, name:api, version:(5.5.0-SNAPSHOT, 5.5.1-SNAPSHOT)]
ausRelease => Using repository Javadoc, [group:com.atakmap.app.aus.common, name:javadoc, version:(5.5.0-SNAPSHOT, 5.5.1-SNAPSHOT)]
Warning: Failed to resolve remote javadoc for ausRelease.
Warning: Failed to resolve remote for ausRelease. Trying fallback.
ausRelease => Using repository API, [group:com.atakmap.app.civ.common, name:api, version:(5.5.0-SNAPSHOT, 5.5.1-SNAPSHOT)]
ausRelease => Using repository Javadoc, [group:com.atakmap.app.civ.common, name:javadoc, version:(5.5.0-SNAPSHOT, 5.5.1-SNAPSHOT)]
ausRelease => Using repository mapping, [group:com.atakmap.app.civ.release, name:mapping, version:(5.5.0-SNAPSHOT, 5.5.1-SNAPSHOT)]
ausRelease => Using repository coreRules, [group:com.atakmap.app.civ.release, name:coreRules, version:(5.5.0-SNAPSHOT, 5.5.1-SNAPSHOT)]
ausRelease => Using repository keystore, [group:com.atakmap.app.civ.release, name:keystore, version:(5.5.0-SNAPSHOT, 5.5.1-SNAPSHOT)]
Unknown Task, skippiing validateSigningAusReleaseAndroidTest.
nzlRelease => Using repository API, [group:com.atakmap.app.nzl.common, name:api, version:(5.5.0-SNAPSHOT, 5.5.1-SNAPSHOT)]
nzlRelease => Using repository Javadoc, [group:com.atakmap.app.nzl.common, name:javadoc, version:(5.5.0-SNAPSHOT, 5.5.1-SNAPSHOT)]
Warning: Failed to resolve remote javadoc for nzlRelease.
Warning: Failed to resolve remote for nzlRelease. Trying fallback.
nzlRelease => Using repository API, [group:com.atakmap.app.civ.common, name:api, version:(5.5.0-SNAPSHOT, 5.5.1-SNAPSHOT)]
nzlRelease => Using repository Javadoc, [group:com.atakmap.app.civ.common, name:javadoc, version:(5.5.0-SNAPSHOT, 5.5.1-SNAPSHOT)]
nzlRelease => Using repository mapping, [group:com.atakmap.app.civ.release, name:mapping, version:(5.5.0-SNAPSHOT, 5.5.1-SNAPSHOT)]
nzlRelease => Using repository coreRules, [group:com.atakmap.app.civ.release, name:coreRules, version:(5.5.0-SNAPSHOT, 5.5.1-SNAPSHOT)]
nzlRelease => Using repository keystore, [group:com.atakmap.app.civ.release, name:keystore, version:(5.5.0-SNAPSHOT, 5.5.1-SNAPSHOT)]
Unknown Task, skippiing validateSigningNzlReleaseAndroidTest.
prtRelease => Using repository API, [group:com.atakmap.app.prt.common, name:api, version:(5.5.0-SNAPSHOT, 5.5.1-SNAPSHOT)]
prtRelease => Using repository Javadoc, [group:com.atakmap.app.prt.common, name:javadoc, version:(5.5.0-SNAPSHOT, 5.5.1-SNAPSHOT)]
Warning: Failed to resolve remote javadoc for prtRelease.
Warning: Failed to resolve remote for prtRelease. Trying fallback.
prtRelease => Using repository API, [group:com.atakmap.app.civ.common, name:api, version:(5.5.0-SNAPSHOT, 5.5.1-SNAPSHOT)]
prtRelease => Using repository Javadoc, [group:com.atakmap.app.civ.common, name:javadoc, version:(5.5.0-SNAPSHOT, 5.5.1-SNAPSHOT)]
prtRelease => Using repository mapping, [group:com.atakmap.app.civ.release, name:mapping, version:(5.5.0-SNAPSHOT, 5.5.1-SNAPSHOT)]
prtRelease => Using repository coreRules, [group:com.atakmap.app.civ.release, name:coreRules, version:(5.5.0-SNAPSHOT, 5.5.1-SNAPSHOT)]
prtRelease => Using repository keystore, [group:com.atakmap.app.civ.release, name:keystore, version:(5.5.0-SNAPSHOT, 5.5.1-SNAPSHOT)]
Unknown Task, skippiing validateSigningPrtReleaseAndroidTest.
norRelease => Using repository API, [group:com.atakmap.app.nor.common, name:api, version:(5.5.0-SNAPSHOT, 5.5.1-SNAPSHOT)]
norRelease => Using repository Javadoc, [group:com.atakmap.app.nor.common, name:javadoc, version:(5.5.0-SNAPSHOT, 5.5.1-SNAPSHOT)]
Warning: Failed to resolve remote javadoc for norRelease.
Warning: Failed to resolve remote for norRelease. Trying fallback.
norRelease => Using repository API, [group:com.atakmap.app.civ.common, name:api, version:(5.5.0-SNAPSHOT, 5.5.1-SNAPSHOT)]
norRelease => Using repository Javadoc, [group:com.atakmap.app.civ.common, name:javadoc, version:(5.5.0-SNAPSHOT, 5.5.1-SNAPSHOT)]
norRelease => Using repository mapping, [group:com.atakmap.app.civ.release, name:mapping, version:(5.5.0-SNAPSHOT, 5.5.1-SNAPSHOT)]
norRelease => Using repository coreRules, [group:com.atakmap.app.civ.release, name:coreRules, version:(5.5.0-SNAPSHOT, 5.5.1-SNAPSHOT)]
norRelease => Using repository keystore, [group:com.atakmap.app.civ.release, name:keystore, version:(5.5.0-SNAPSHOT, 5.5.1-SNAPSHOT)]
Unknown Task, skippiing validateSigningNorReleaseAndroidTest.
sweRelease => Using repository API, [group:com.atakmap.app.swe.common, name:api, version:(5.5.0-SNAPSHOT, 5.5.1-SNAPSHOT)]
sweRelease => Using repository Javadoc, [group:com.atakmap.app.swe.common, name:javadoc, version:(5.5.0-SNAPSHOT, 5.5.1-SNAPSHOT)]
Warning: Failed to resolve remote javadoc for sweRelease.
Warning: Failed to resolve remote for sweRelease. Trying fallback.
sweRelease => Using repository API, [group:com.atakmap.app.civ.common, name:api, version:(5.5.0-SNAPSHOT, 5.5.1-SNAPSHOT)]
sweRelease => Using repository Javadoc, [group:com.atakmap.app.civ.common, name:javadoc, version:(5.5.0-SNAPSHOT, 5.5.1-SNAPSHOT)]
sweRelease => Using repository mapping, [group:com.atakmap.app.civ.release, name:mapping, version:(5.5.0-SNAPSHOT, 5.5.1-SNAPSHOT)]
sweRelease => Using repository coreRules, [group:com.atakmap.app.civ.release, name:coreRules, version:(5.5.0-SNAPSHOT, 5.5.1-SNAPSHOT)]
sweRelease => Using repository keystore, [group:com.atakmap.app.civ.release, name:keystore, version:(5.5.0-SNAPSHOT, 5.5.1-SNAPSHOT)]
Unknown Task, skippiing validateSigningSweReleaseAndroidTest.
gbrRelease => Using repository API, [group:com.atakmap.app.gbr.common, name:api, version:(5.5.0-SNAPSHOT, 5.5.1-SNAPSHOT)]
gbrRelease => Using repository Javadoc, [group:com.atakmap.app.gbr.common, name:javadoc, version:(5.5.0-SNAPSHOT, 5.5.1-SNAPSHOT)]
Warning: Failed to resolve remote javadoc for gbrRelease.
Warning: Failed to resolve remote for gbrRelease. Trying fallback.
gbrRelease => Using repository API, [group:com.atakmap.app.civ.common, name:api, version:(5.5.0-SNAPSHOT, 5.5.1-SNAPSHOT)]
gbrRelease => Using repository Javadoc, [group:com.atakmap.app.civ.common, name:javadoc, version:(5.5.0-SNAPSHOT, 5.5.1-SNAPSHOT)]
gbrRelease => Using repository mapping, [group:com.atakmap.app.civ.release, name:mapping, version:(5.5.0-SNAPSHOT, 5.5.1-SNAPSHOT)]
gbrRelease => Using repository coreRules, [group:com.atakmap.app.civ.release, name:coreRules, version:(5.5.0-SNAPSHOT, 5.5.1-SNAPSHOT)]
gbrRelease => Using repository keystore, [group:com.atakmap.app.civ.release, name:keystore, version:(5.5.0-SNAPSHOT, 5.5.1-SNAPSHOT)]
Unknown Task, skippiing validateSigningGbrReleaseAndroidTest.
canRelease => Using repository API, [group:com.atakmap.app.can.common, name:api, version:(5.5.0-SNAPSHOT, 5.5.1-SNAPSHOT)]
canRelease => Using repository Javadoc, [group:com.atakmap.app.can.common, name:javadoc, version:(5.5.0-SNAPSHOT, 5.5.1-SNAPSHOT)]
Warning: Failed to resolve remote javadoc for canRelease.
Warning: Failed to resolve remote for canRelease. Trying fallback.
canRelease => Using repository API, [group:com.atakmap.app.civ.common, name:api, version:(5.5.0-SNAPSHOT, 5.5.1-SNAPSHOT)]
canRelease => Using repository Javadoc, [group:com.atakmap.app.civ.common, name:javadoc, version:(5.5.0-SNAPSHOT, 5.5.1-SNAPSHOT)]
canRelease => Using repository mapping, [group:com.atakmap.app.civ.release, name:mapping, version:(5.5.0-SNAPSHOT, 5.5.1-SNAPSHOT)]
canRelease => Using repository coreRules, [group:com.atakmap.app.civ.release, name:coreRules, version:(5.5.0-SNAPSHOT, 5.5.1-SNAPSHOT)]
canRelease => Using repository keystore, [group:com.atakmap.app.civ.release, name:keystore, version:(5.5.0-SNAPSHOT, 5.5.1-SNAPSHOT)]
Unknown Task, skippiing validateSigningCanReleaseAndroidTest.
hunRelease => Using repository API, [group:com.atakmap.app.hun.common, name:api, version:(5.5.0-SNAPSHOT, 5.5.1-SNAPSHOT)]
hunRelease => Using repository Javadoc, [group:com.atakmap.app.hun.common, name:javadoc, version:(5.5.0-SNAPSHOT, 5.5.1-SNAPSHOT)]
Warning: Failed to resolve remote javadoc for hunRelease.
Warning: Failed to resolve remote for hunRelease. Trying fallback.
hunRelease => Using repository API, [group:com.atakmap.app.civ.common, name:api, version:(5.5.0-SNAPSHOT, 5.5.1-SNAPSHOT)]
hunRelease => Using repository Javadoc, [group:com.atakmap.app.civ.common, name:javadoc, version:(5.5.0-SNAPSHOT, 5.5.1-SNAPSHOT)]
hunRelease => Using repository mapping, [group:com.atakmap.app.civ.release, name:mapping, version:(5.5.0-SNAPSHOT, 5.5.1-SNAPSHOT)]
hunRelease => Using repository coreRules, [group:com.atakmap.app.civ.release, name:coreRules, version:(5.5.0-SNAPSHOT, 5.5.1-SNAPSHOT)]
hunRelease => Using repository keystore, [group:com.atakmap.app.civ.release, name:keystore, version:(5.5.0-SNAPSHOT, 5.5.1-SNAPSHOT)]
Unknown Task, skippiing validateSigningHunReleaseAndroidTest.
belRelease => Using repository API, [group:com.atakmap.app.bel.common, name:api, version:(5.5.0-SNAPSHOT, 5.5.1-SNAPSHOT)]
belRelease => Using repository Javadoc, [group:com.atakmap.app.bel.common, name:javadoc, version:(5.5.0-SNAPSHOT, 5.5.1-SNAPSHOT)]
Warning: Failed to resolve remote javadoc for belRelease.
Warning: Failed to resolve remote for belRelease. Trying fallback.
belRelease => Using repository API, [group:com.atakmap.app.civ.common, name:api, version:(5.5.0-SNAPSHOT, 5.5.1-SNAPSHOT)]
belRelease => Using repository Javadoc, [group:com.atakmap.app.civ.common, name:javadoc, version:(5.5.0-SNAPSHOT, 5.5.1-SNAPSHOT)]
belRelease => Using repository mapping, [group:com.atakmap.app.civ.release, name:mapping, version:(5.5.0-SNAPSHOT, 5.5.1-SNAPSHOT)]
belRelease => Using repository coreRules, [group:com.atakmap.app.civ.release, name:coreRules, version:(5.5.0-SNAPSHOT, 5.5.1-SNAPSHOT)]
belRelease => Using repository keystore, [group:com.atakmap.app.civ.release, name:keystore, version:(5.5.0-SNAPSHOT, 5.5.1-SNAPSHOT)]
Unknown Task, skippiing validateSigningBelReleaseAndroidTest.
estRelease => Using repository API, [group:com.atakmap.app.est.common, name:api, version:(5.5.0-SNAPSHOT, 5.5.1-SNAPSHOT)]
estRelease => Using repository Javadoc, [group:com.atakmap.app.est.common, name:javadoc, version:(5.5.0-SNAPSHOT, 5.5.1-SNAPSHOT)]
Warning: Failed to resolve remote javadoc for estRelease.
Warning: Failed to resolve remote for estRelease. Trying fallback.
estRelease => Using repository API, [group:com.atakmap.app.civ.common, name:api, version:(5.5.0-SNAPSHOT, 5.5.1-SNAPSHOT)]
estRelease => Using repository Javadoc, [group:com.atakmap.app.civ.common, name:javadoc, version:(5.5.0-SNAPSHOT, 5.5.1-SNAPSHOT)]
estRelease => Using repository mapping, [group:com.atakmap.app.civ.release, name:mapping, version:(5.5.0-SNAPSHOT, 5.5.1-SNAPSHOT)]
estRelease => Using repository coreRules, [group:com.atakmap.app.civ.release, name:coreRules, version:(5.5.0-SNAPSHOT, 5.5.1-SNAPSHOT)]
estRelease => Using repository keystore, [group:com.atakmap.app.civ.release, name:keystore, version:(5.5.0-SNAPSHOT, 5.5.1-SNAPSHOT)]
Unknown Task, skippiing validateSigningEstReleaseAndroidTest.
ltuRelease => Using repository API, [group:com.atakmap.app.ltu.common, name:api, version:(5.5.0-SNAPSHOT, 5.5.1-SNAPSHOT)]
ltuRelease => Using repository Javadoc, [group:com.atakmap.app.ltu.common, name:javadoc, version:(5.5.0-SNAPSHOT, 5.5.1-SNAPSHOT)]
Warning: Failed to resolve remote javadoc for ltuRelease.
Warning: Failed to resolve remote for ltuRelease. Trying fallback.
ltuRelease => Using repository API, [group:com.atakmap.app.civ.common, name:api, version:(5.5.0-SNAPSHOT, 5.5.1-SNAPSHOT)]
ltuRelease => Using repository Javadoc, [group:com.atakmap.app.civ.common, name:javadoc, version:(5.5.0-SNAPSHOT, 5.5.1-SNAPSHOT)]
ltuRelease => Using repository mapping, [group:com.atakmap.app.civ.release, name:mapping, version:(5.5.0-SNAPSHOT, 5.5.1-SNAPSHOT)]
ltuRelease => Using repository coreRules, [group:com.atakmap.app.civ.release, name:coreRules, version:(5.5.0-SNAPSHOT, 5.5.1-SNAPSHOT)]
ltuRelease => Using repository keystore, [group:com.atakmap.app.civ.release, name:keystore, version:(5.5.0-SNAPSHOT, 5.5.1-SNAPSHOT)]
Unknown Task, skippiing validateSigningLtuReleaseAndroidTest.
ukrRelease => Using repository API, [group:com.atakmap.app.ukr.common, name:api, version:(5.5.0-SNAPSHOT, 5.5.1-SNAPSHOT)]
ukrRelease => Using repository Javadoc, [group:com.atakmap.app.ukr.common, name:javadoc, version:(5.5.0-SNAPSHOT, 5.5.1-SNAPSHOT)]
Warning: Failed to resolve remote javadoc for ukrRelease.
Warning: Failed to resolve remote for ukrRelease. Trying fallback.
ukrRelease => Using repository API, [group:com.atakmap.app.civ.common, name:api, version:(5.5.0-SNAPSHOT, 5.5.1-SNAPSHOT)]
ukrRelease => Using repository Javadoc, [group:com.atakmap.app.civ.common, name:javadoc, version:(5.5.0-SNAPSHOT, 5.5.1-SNAPSHOT)]
ukrRelease => Using repository mapping, [group:com.atakmap.app.civ.release, name:mapping, version:(5.5.0-SNAPSHOT, 5.5.1-SNAPSHOT)]
ukrRelease => Using repository coreRules, [group:com.atakmap.app.civ.release, name:coreRules, version:(5.5.0-SNAPSHOT, 5.5.1-SNAPSHOT)]
ukrRelease => Using repository keystore, [group:com.atakmap.app.civ.release, name:keystore, version:(5.5.0-SNAPSHOT, 5.5.1-SNAPSHOT)]
Unknown Task, skippiing validateSigningUkrReleaseAndroidTest.
polRelease => Using repository API, [group:com.atakmap.app.pol.common, name:api, version:(5.5.0-SNAPSHOT, 5.5.1-SNAPSHOT)]
polRelease => Using repository Javadoc, [group:com.atakmap.app.pol.common, name:javadoc, version:(5.5.0-SNAPSHOT, 5.5.1-SNAPSHOT)]
Warning: Failed to resolve remote javadoc for polRelease.
Warning: Failed to resolve remote for polRelease. Trying fallback.
polRelease => Using repository API, [group:com.atakmap.app.civ.common, name:api, version:(5.5.0-SNAPSHOT, 5.5.1-SNAPSHOT)]
polRelease => Using repository Javadoc, [group:com.atakmap.app.civ.common, name:javadoc, version:(5.5.0-SNAPSHOT, 5.5.1-SNAPSHOT)]
polRelease => Using repository mapping, [group:com.atakmap.app.civ.release, name:mapping, version:(5.5.0-SNAPSHOT, 5.5.1-SNAPSHOT)]
polRelease => Using repository coreRules, [group:com.atakmap.app.civ.release, name:coreRules, version:(5.5.0-SNAPSHOT, 5.5.1-SNAPSHOT)]
polRelease => Using repository keystore, [group:com.atakmap.app.civ.release, name:keystore, version:(5.5.0-SNAPSHOT, 5.5.1-SNAPSHOT)]
Unknown Task, skippiing validateSigningPolReleaseAndroidTest.
nldRelease => Using repository API, [group:com.atakmap.app.nld.common, name:api, version:(5.5.0-SNAPSHOT, 5.5.1-SNAPSHOT)]
nldRelease => Using repository Javadoc, [group:com.atakmap.app.nld.common, name:javadoc, version:(5.5.0-SNAPSHOT, 5.5.1-SNAPSHOT)]
Warning: Failed to resolve remote javadoc for nldRelease.
Warning: Failed to resolve remote for nldRelease. Trying fallback.
nldRelease => Using repository API, [group:com.atakmap.app.civ.common, name:api, version:(5.5.0-SNAPSHOT, 5.5.1-SNAPSHOT)]
nldRelease => Using repository Javadoc, [group:com.atakmap.app.civ.common, name:javadoc, version:(5.5.0-SNAPSHOT, 5.5.1-SNAPSHOT)]
nldRelease => Using repository mapping, [group:com.atakmap.app.civ.release, name:mapping, version:(5.5.0-SNAPSHOT, 5.5.1-SNAPSHOT)]
nldRelease => Using repository coreRules, [group:com.atakmap.app.civ.release, name:coreRules, version:(5.5.0-SNAPSHOT, 5.5.1-SNAPSHOT)]
nldRelease => Using repository keystore, [group:com.atakmap.app.civ.release, name:keystore, version:(5.5.0-SNAPSHOT, 5.5.1-SNAPSHOT)]
Unknown Task, skippiing validateSigningNldReleaseAndroidTest.
espRelease => Using repository API, [group:com.atakmap.app.esp.common, name:api, version:(5.5.0-SNAPSHOT, 5.5.1-SNAPSHOT)]
espRelease => Using repository Javadoc, [group:com.atakmap.app.esp.common, name:javadoc, version:(5.5.0-SNAPSHOT, 5.5.1-SNAPSHOT)]
Warning: Failed to resolve remote javadoc for espRelease.
Warning: Failed to resolve remote for espRelease. Trying fallback.
espRelease => Using repository API, [group:com.atakmap.app.civ.common, name:api, version:(5.5.0-SNAPSHOT, 5.5.1-SNAPSHOT)]
espRelease => Using repository Javadoc, [group:com.atakmap.app.civ.common, name:javadoc, version:(5.5.0-SNAPSHOT, 5.5.1-SNAPSHOT)]
espRelease => Using repository mapping, [group:com.atakmap.app.civ.release, name:mapping, version:(5.5.0-SNAPSHOT, 5.5.1-SNAPSHOT)]
espRelease => Using repository coreRules, [group:com.atakmap.app.civ.release, name:coreRules, version:(5.5.0-SNAPSHOT, 5.5.1-SNAPSHOT)]
espRelease => Using repository keystore, [group:com.atakmap.app.civ.release, name:keystore, version:(5.5.0-SNAPSHOT, 5.5.1-SNAPSHOT)]
Unknown Task, skippiing validateSigningEspReleaseAndroidTest.
aeronetRelease => Using repository API, [group:com.atakmap.app.aeronet.common, name:api, version:(5.5.0-SNAPSHOT, 5.5.1-SNAPSHOT)]
aeronetRelease => Using repository Javadoc, [group:com.atakmap.app.aeronet.common, name:javadoc, version:(5.5.0-SNAPSHOT, 5.5.1-SNAPSHOT)]
Warning: Failed to resolve remote javadoc for aeronetRelease.
Warning: Failed to resolve remote for aeronetRelease. Trying fallback.
aeronetRelease => Using repository API, [group:com.atakmap.app.civ.common, name:api, version:(5.5.0-SNAPSHOT, 5.5.1-SNAPSHOT)]
aeronetRelease => Using repository Javadoc, [group:com.atakmap.app.civ.common, name:javadoc, version:(5.5.0-SNAPSHOT, 5.5.1-SNAPSHOT)]
aeronetRelease => Using repository mapping, [group:com.atakmap.app.civ.release, name:mapping, version:(5.5.0-SNAPSHOT, 5.5.1-SNAPSHOT)]
aeronetRelease => Using repository coreRules, [group:com.atakmap.app.civ.release, name:coreRules, version:(5.5.0-SNAPSHOT, 5.5.1-SNAPSHOT)]
aeronetRelease => Using repository keystore, [group:com.atakmap.app.civ.release, name:keystore, version:(5.5.0-SNAPSHOT, 5.5.1-SNAPSHOT)]
Unknown Task, skippiing validateSigningAeronetReleaseAndroidTest.
govRelease => Using repository API, [group:com.atakmap.app.gov.common, name:api, version:(5.5.0-SNAPSHOT, 5.5.1-SNAPSHOT)]
govRelease => Using repository Javadoc, [group:com.atakmap.app.gov.common, name:javadoc, version:(5.5.0-SNAPSHOT, 5.5.1-SNAPSHOT)]
Warning: Failed to resolve remote javadoc for govRelease.
Warning: Failed to resolve remote for govRelease. Trying fallback.
govRelease => Using repository API, [group:com.atakmap.app.civ.common, name:api, version:(5.5.0-SNAPSHOT, 5.5.1-SNAPSHOT)]
govRelease => Using repository Javadoc, [group:com.atakmap.app.civ.common, name:javadoc, version:(5.5.0-SNAPSHOT, 5.5.1-SNAPSHOT)]
govRelease => Using repository mapping, [group:com.atakmap.app.civ.release, name:mapping, version:(5.5.0-SNAPSHOT, 5.5.1-SNAPSHOT)]
govRelease => Using repository coreRules, [group:com.atakmap.app.civ.release, name:coreRules, version:(5.5.0-SNAPSHOT, 5.5.1-SNAPSHOT)]
govRelease => Using repository keystore, [group:com.atakmap.app.civ.release, name:keystore, version:(5.5.0-SNAPSHOT, 5.5.1-SNAPSHOT)]
Unknown Task, skippiing validateSigningGovReleaseAndroidTest.
natosofRelease => Using repository API, [group:com.atakmap.app.natosof.common, name:api, version:(5.5.0-SNAPSHOT, 5.5.1-SNAPSHOT)]
natosofRelease => Using repository Javadoc, [group:com.atakmap.app.natosof.common, name:javadoc, version:(5.5.0-SNAPSHOT, 5.5.1-SNAPSHOT)]
Warning: Failed to resolve remote javadoc for natosofRelease.
Warning: Failed to resolve remote for natosofRelease. Trying fallback.
natosofRelease => Using repository API, [group:com.atakmap.app.civ.common, name:api, version:(5.5.0-SNAPSHOT, 5.5.1-SNAPSHOT)]
natosofRelease => Using repository Javadoc, [group:com.atakmap.app.civ.common, name:javadoc, version:(5.5.0-SNAPSHOT, 5.5.1-SNAPSHOT)]
natosofRelease => Using repository mapping, [group:com.atakmap.app.civ.release, name:mapping, version:(5.5.0-SNAPSHOT, 5.5.1-SNAPSHOT)]
natosofRelease => Using repository coreRules, [group:com.atakmap.app.civ.release, name:coreRules, version:(5.5.0-SNAPSHOT, 5.5.1-SNAPSHOT)]
natosofRelease => Using repository keystore, [group:com.atakmap.app.civ.release, name:keystore, version:(5.5.0-SNAPSHOT, 5.5.1-SNAPSHOT)]
Unknown Task, skippiing validateSigningNatosofReleaseAndroidTest.
Checking the license for package Android SDK Build-Tools 35 in /opt/android-sdk-linux/licenses
License for package Android SDK Build-Tools 35 accepted.
Preparing "Install Android SDK Build-Tools 35 v.35.0.0".
"Install Android SDK Build-Tools 35 v.35.0.0" ready.
Installing Android SDK Build-Tools 35 in /opt/android-sdk-linux/build-tools/35.0.0
"Install Android SDK Build-Tools 35 v.35.0.0" complete.
"Install Android SDK Build-Tools 35 v.35.0.0" finished.
Checking the license for package Android SDK Platform 34 in /opt/android-sdk-linux/licenses
License for package Android SDK Platform 34 accepted.
Preparing "Install Android SDK Platform 34 (revision 3)".
"Install Android SDK Platform 34 (revision 3)" ready.
Installing Android SDK Platform 34 in /opt/android-sdk-linux/platforms/android-34
"Install Android SDK Platform 34 (revision 3)" complete.
"Install Android SDK Platform 34 (revision 3)" finished.

> Task :app:preBuild UP-TO-DATE

> Task :app:preCivReleaseBuild
civRelease => Copied proguard keep rules coreRules-5.5.0.7.txt from repository into /app/plugin-src/MultiPix/app/build/proguard-release-keep.txt
augment the proguard file with the atak core rules
civRelease => Copied proguard mapping mapping-5.5.0.7.txt from repository into /app/plugin-src/MultiPix/app/build/proguard-civ-release-mapping.txt

> Task :app:javaPreCompileCivRelease
> Task :app:checkCivReleaseAarMetadata
> Task :app:generateCivReleaseResValues
> Task :app:mapCivReleaseSourceSetPaths
> Task :app:generateCivReleaseResources
> Task :app:packageCivReleaseResources
> Task :app:mergeCivReleaseResources
> Task :app:createCivReleaseCompatibleScreenManifests
> Task :app:extractDeepLinksCivRelease
> Task :app:parseCivReleaseLocalResources
> Task :app:processCivReleaseMainManifest
> Task :app:processCivReleaseManifest
> Task :app:extractProguardFiles
> Task :app:takdevLint
> Task :app:mergeCivReleaseJniLibFolders
> Task :app:mergeCivReleaseNativeLibs NO-SOURCE
> Task :app:stripCivReleaseDebugSymbols NO-SOURCE
> Task :app:extractCivReleaseNativeSymbolTables NO-SOURCE
> Task :app:mergeCivReleaseNativeDebugMetadata NO-SOURCE
> Task :app:checkCivReleaseDuplicateClasses
> Task :app:mergeCivReleaseArtProfile
> Task :app:processCivReleaseJavaRes NO-SOURCE
> Task :app:mergeCivReleaseStartupProfile
> Task :app:processCivReleaseManifestForPackage
> Task :app:mergeCivReleaseShaders
> Task :app:compileCivReleaseShaders NO-SOURCE
> Task :app:generateCivReleaseAssets UP-TO-DATE
> Task :app:mergeCivReleaseJavaResource
> Task :app:mergeCivReleaseAssets
> Task :app:compressCivReleaseAssets
> Task :app:extractCivReleaseVersionControlInfo
> Task :app:collectCivReleaseDependencies
> Task :app:processCivReleaseResources
> Task :app:sdkCivReleaseDependencyData

> Task :app:compileCivReleaseJavaWithJavac
Note: Some input files use or override a deprecated API.
Note: Recompile with -Xlint:deprecation for details.

> Task :app:generateCivReleaseLintVitalReportModel
> Task :app:expandCivReleaseArtProfileWildcards
> Task :app:mergeCivReleaseGeneratedProguardFiles
> Task :app:optimizeCivReleaseResources

> Task :app:validateSigningCivRelease
civRelease => Copied keystore from repository keystore-5.5.0.7.jks into /app/plugin-src/MultiPix/app/build/android_keystore

> Task :app:writeCivReleaseAppMetadata
> Task :app:writeCivReleaseSigningConfigVersions
> Task :app:processApplicationManifestCivReleaseForBundle
> Task :app:bundleCivReleaseResources
> Task :app:configureCivReleaseDependencies
> Task :app:parseCivReleaseIntegrityConfig
> Task :app:lintVitalAnalyzeCivRelease
> Task :app:lintVitalReportCivRelease
> Task :app:lintVitalCivRelease
> Task :app:minifyCivReleaseWithR8
> Task :app:compileCivReleaseArtProfile
> Task :app:buildCivReleasePreBundle
> Task :app:packageCivRelease
> Task :app:createCivReleaseApkListingFileRedirect
> Task :app:assembleCivRelease
> Task :app:packageCivReleaseBundle
> Task :app:signCivReleaseBundle
> Task :app:produceCivReleaseBundleIdeListingFile
> Task :app:createCivReleaseBundleListingFileRedirect
> Task :app:bundleCivRelease

[Incubating] Problems report is available at: file:///app/plugin-src/MultiPix/build/reports/problems/problems-report.html

Deprecated Gradle features were used in this build, making it incompatible with Gradle 9.0.

You can use '--warning-mode all' to show the individual deprecation warnings and determine if they come from your own scripts or plugins.

For more on this, please refer to https://docs.gradle.org/8.13/userguide/command_line_interface.html#sec:command_line_warnings in the Gradle documentation.

BUILD SUCCESSFUL in 2m 19s
52 actionable tasks: 52 executed
Warning: 'SecurityIssueDetails' is not a valid parameter for selected report template.
Report generated successfully.
Maven Central: ENABLED
OSS Index: DISABLED
Running dependency check
[INFO] Checking for updates
[INFO] Download Started for NVD Cache - https://artifacts.tak.gov:443/artifactory/nvdcve/nvdcve-modified.json.gz
[INFO] Begin database maintenance
[INFO] Updated the CPE ecosystem on 143201 NVD records
[INFO] Cleaned up 12 orphaned NVD records
[INFO] End database maintenance (18917 ms)
[INFO] Updating CISA Known Exploited Vulnerability list: https://www.cisa.gov/sites/default/files/feeds/known_exploited_vulnerabilities.json
[INFO] Begin database defrag
[INFO] End database defrag (9664 ms)
[INFO] Check for updates complete (51952 ms)
[INFO] 

Dependency-Check is an open source tool performing a best effort analysis of 3rd party dependencies; false positives and false negatives may exist in the analysis performed by the tool. Use of the tool and the reporting provided constitutes acceptance for use in an AS IS condition, and there are NO warranties, implied or otherwise, with regard to the analysis or its use. Any use of the tool and the reporting provided is at the user's risk. In no event shall the copyright holder or OWASP be held liable for any damages whatsoever arising out of or in connection with the use of this tool, the analysis performed, or the resulting report.


   About ODC: https://jeremylong.github.io/DependencyCheck/general/internals.html
   False Positives: https://jeremylong.github.io/DependencyCheck/general/suppression.html

💖 Sponsor: https://github.com/sponsors/jeremylong


[INFO] Analysis Started
[INFO] Finished Archive Analyzer (0 seconds)
[INFO] Finished File Name Analyzer (0 seconds)
[WARN] Unable to open jar file 'out.jar'.
[INFO] Finished Jar Analyzer (0 seconds)
[INFO] Finished Central Analyzer (31 seconds)
[INFO] Finished Dependency Merging Analyzer (0 seconds)
[INFO] Finished Hint Analyzer (0 seconds)
[INFO] Finished Version Filter Analyzer (0 seconds)
[INFO] Created CPE Index (2 seconds)
[INFO] Finished CPE Analyzer (3 seconds)
[INFO] Finished False Positive Analyzer (0 seconds)
[INFO] Finished NVD CVE Analyzer (0 seconds)
[INFO] Finished Vulnerability Suppression Analyzer (0 seconds)
[INFO] Finished Known Exploited Vulnerability Analyzer (0 seconds)
[INFO] Finished Dependency Bundling Analyzer (0 seconds)
[INFO] Finished Unused Suppression Rule Analyzer (0 seconds)
[INFO] Analysis Complete (35 seconds)
[INFO] Writing HTML report to: /app/plugin-src/MultiPix/./dependency-check-report.html
